<?xml version="1.0" encoding="UTF-8"?>
<!-- Generated by org.testng.reporters.JUnitReportReporter -->
<testsuite hostname="AMAN-HP" name="com.crm.qa.testcases.HomePageTest" tests="3" failures="0" timestamp="2 Jan 2020 09:25:26 GMT" time="50.443" errors="0">
  <testcase name="getusernamelabeltest" time="17.579" classname="com.crm.qa.testcases.HomePageTest"/>
  <testcase name="gethomepagetitletest" time="16.030" classname="com.crm.qa.testcases.HomePageTest"/>
  <testcase name="getcontactspagetest" time="16.834" classname="com.crm.qa.testcases.HomePageTest"/>
</testsuite> <!-- com.crm.qa.testcases.HomePageTest -->
